<?xml version="1.0" encoding="UTF-8"?>
<!-- Generated by org.testng.reporters.JUnitReportReporter -->
<testsuite hostname="Sarkers-MacBook-Pro.local" failures="0" tests="1" name="bookStoreAPI.POST_AddBooks" time="0.824" errors="0" timestamp="2023-07-30T04:04:06 BDT" skipped="0">
  <testcase classname="bookStoreAPI.POST_AddBooks" name="testCreateBook" time="0.824"/>
</testsuite> <!-- bookStoreAPI.POST_AddBooks -->
